nohup: ignoring input
23:11:46 | Logging to: /home/DAVIDSON/munikzad/csc224n/reasoning/experiment_outputs/logs/experiment_20251227_231146.log
23:11:46 | ============================================================
23:11:46 | FORWARD-BACKWARD REASONING EXPERIMENT PIPELINE
23:11:46 | ============================================================
23:11:46 | Output directory: /home/DAVIDSON/munikzad/csc224n/reasoning/experiment_outputs
23:11:46 | Training configs: ['forward_only', 'backward_only', 'hybrid_60_40']
23:11:46 | Data limit: 2000
23:11:46 | Eval samples: 500
23:11:46 | ============================================================
23:11:46 | STAGE 1: Data Generation
23:11:46 | ============================================================
23:11:46 | Running: /home/DAVIDSON/munikzad/.conda/envs/reasoning/bin/python /home/DAVIDSON/munikzad/csc224n/reasoning/scripts/generate_dpo_pairs.py --limit 2000 --output-dir /home/DAVIDSON/munikzad/csc224n/reasoning/experiment_outputs/data --rejection-sampling --max-rejection-attempts 5
23:14:14 | Interrupted by user
23:14:14 | ============================================================
23:14:14 | EXPERIMENT COMPLETE
23:14:14 | ============================================================
23:14:14 | Total time: 0h 2m 28s
23:14:14 | Results saved to: /home/DAVIDSON/munikzad/csc224n/reasoning/experiment_outputs
23:14:14 | 
23:14:14 | Key output files:
23:14:14 |   - Summary: /home/DAVIDSON/munikzad/csc224n/reasoning/experiment_outputs/reports/EXPERIMENT_SUMMARY.txt
23:14:14 |   - LaTeX table: /home/DAVIDSON/munikzad/csc224n/reasoning/experiment_outputs/reports/main_results.tex
23:14:14 |   - Evaluation JSONs: /home/DAVIDSON/munikzad/csc224n/reasoning/experiment_outputs/evals/*.json
23:14:14 |   - Final results: /home/DAVIDSON/munikzad/csc224n/reasoning/experiment_outputs/final_results.json
