This is pdfTeX, Version 3.141592653-2.6-1.40.24 (TeX Live 2022) (preloaded format=pdflatex 2024.10.4)  14 DEC 2025 23:08
entering extended mode
 restricted \write18 enabled.
 %&-line parsing enabled.
**papers/hybrid_dpo_acm.tex
(./papers/hybrid_dpo_acm.tex
LaTeX2e <2022-11-01> patch level 1
L3 programming layer <2023-02-22>
(/opt/local/f8c6f7/apps/texlive/20220321-GCC-11.3.0/texmf-dist/tex/latex/acmart
/acmart.cls
Document Class: acmart 2022/10/24 v1.88 Typesetting articles for the Associatio
n for Computing Machinery

(/opt/local/f8c6f7/apps/texlive/20220321-GCC-11.3.0/texmf-dist/tex/latex/xkeyva
l/xkeyval.sty
Package: xkeyval 2022/06/16 v2.9 package option processing (HA)

(/opt/local/f8c6f7/apps/texlive/20220321-GCC-11.3.0/texmf-dist/tex/generic/xkey
val/xkeyval.tex
(/opt/local/f8c6f7/apps/texlive/20220321-GCC-11.3.0/texmf-dist/tex/generic/xkey
val/xkvutils.tex
\XKV@toks=\toks16
\XKV@tempa@toks=\toks17

(/opt/local/f8c6f7/apps/texlive/20220321-GCC-11.3.0/texmf-dist/tex/generic/xkey
val/keyval.tex))
\XKV@depth=\count185
File: xkeyval.tex 2014/12/03 v2.7a key=value parser (HA)
))
(/opt/local/f8c6f7/apps/texlive/20220321-GCC-11.3.0/texmf-dist/tex/generic/xstr
ing/xstring.sty
(/opt/local/f8c6f7/apps/texlive/20220321-GCC-11.3.0/texmf-dist/tex/generic/xstr
ing/xstring.tex
\integerpart=\count186
\decimalpart=\count187
)
Package: xstring 2023/01/14 v1.85 String manipulations (CT)
)
(/opt/local/f8c6f7/apps/texlive/20220321-GCC-11.3.0/texmf-dist/tex/generic/ifte
x/iftex.sty
Package: iftex 2022/02/03 v1.0f TeX engine tests
)
Package acmart Info: Not using screen mode on input line 76.
Package acmart Info: Using breaking urls on hyphens on input line 84.
Package acmart Info: Requiring acmthm on input line 92.
Package acmart Info: Not using review mode on input line 101.
Package acmart Info: Not using authorversion mode on input line 109.
Package acmart Info: Not using nonacm mode on input line 121.
Package acmart Info: Explicitly selecting natbib mode on input line 137.
Package acmart Info: Not using anonymous mode on input line 145.
Package acmart Info: Not using timestamp mode on input line 153.
Package acmart Info: Not using authordraft mode on input line 163.
Class acmart Info: Using format sigconf, number 4 on input line 178.
Class acmart Info: Using fontsize 9pt on input line 277.

(/opt/local/f8c6f7/apps/texlive/20220321-GCC-11.3.0/texmf-dist/tex/latex/amscls
/amsart.cls
Document Class: amsart 2020/05/29 v2.20.6
\linespacing=\dimen140
\normalparindent=\dimen141
\normaltopskip=\skip48

(/opt/local/f8c6f7/apps/texlive/20220321-GCC-11.3.0/texmf-dist/tex/latex/amsmat
h/amsmath.sty
Package: amsmath 2022/04/08 v2.17n AMS math features
\@mathmargin=\skip49

For additional information on amsmath, use the `?' option.

(/opt/local/f8c6f7/apps/texlive/20220321-GCC-11.3.0/texmf-dist/tex/latex/amsmat
h/amstext.sty
Package: amstext 2021/08/26 v2.01 AMS text

(/opt/local/f8c6f7/apps/texlive/20220321-GCC-11.3.0/texmf-dist/tex/latex/amsmat
h/amsgen.sty
File: amsgen.sty 1999/11/30 v2.0 generic functions
\@emptytoks=\toks18
\ex@=\dimen142
))
(/opt/local/f8c6f7/apps/texlive/20220321-GCC-11.3.0/texmf-dist/tex/latex/amsmat
h/amsbsy.sty
Package: amsbsy 1999/11/29 v1.2d Bold Symbols
\pmbraise@=\dimen143
)
(/opt/local/f8c6f7/apps/texlive/20220321-GCC-11.3.0/texmf-dist/tex/latex/amsmat
h/amsopn.sty
Package: amsopn 2022/04/08 v2.04 operator names
)
\inf@bad=\count188
LaTeX Info: Redefining \frac on input line 234.
\uproot@=\count189
\leftroot@=\count190
LaTeX Info: Redefining \overline on input line 399.
LaTeX Info: Redefining \colon on input line 410.
\classnum@=\count191
\DOTSCASE@=\count192
LaTeX Info: Redefining \ldots on input line 496.
LaTeX Info: Redefining \dots on input line 499.
LaTeX Info: Redefining \cdots on input line 620.
\Mathstrutbox@=\box51
\strutbox@=\box52
LaTeX Info: Redefining \big on input line 722.
LaTeX Info: Redefining \Big on input line 723.
LaTeX Info: Redefining \bigg on input line 724.
LaTeX Info: Redefining \Bigg on input line 725.
\big@size=\dimen144
LaTeX Font Info:    Redeclaring font encoding OML on input line 743.
LaTeX Font Info:    Redeclaring font encoding OMS on input line 744.
\macc@depth=\count193
LaTeX Info: Redefining \bmod on input line 905.
LaTeX Info: Redefining \pmod on input line 910.
LaTeX Info: Redefining \smash on input line 940.
LaTeX Info: Redefining \relbar on input line 970.
LaTeX Info: Redefining \Relbar on input line 971.
\c@MaxMatrixCols=\count194
\dotsspace@=\muskip16
\c@parentequation=\count195
\dspbrk@lvl=\count196
\tag@help=\toks19
\row@=\count197
\column@=\count198
\maxfields@=\count199
\andhelp@=\toks20
\eqnshift@=\dimen145
\alignsep@=\dimen146
\tagshift@=\dimen147
\tagwidth@=\dimen148
\totwidth@=\dimen149
\lineht@=\dimen150
\@envbody=\toks21
\multlinegap=\skip50
\multlinetaggap=\skip51
\mathdisplay@stack=\toks22
LaTeX Info: Redefining \[ on input line 2953.
LaTeX Info: Redefining \] on input line 2954.
)
LaTeX Font Info:    Trying to load font information for U+msa on input line 397
.

(/opt/local/f8c6f7/apps/texlive/20220321-GCC-11.3.0/texmf-dist/tex/latex/amsfon
ts/umsa.fd
File: umsa.fd 2013/01/14 v3.01 AMS symbols A
)
(/opt/local/f8c6f7/apps/texlive/20220321-GCC-11.3.0/texmf-dist/tex/latex/amsfon
ts/amsfonts.sty
Package: amsfonts 2013/01/14 v3.01 Basic AMSFonts support
\symAMSa=\mathgroup4
\symAMSb=\mathgroup5
LaTeX Font Info:    Redeclaring math symbol \hbar on input line 98.
LaTeX Font Info:    Overwriting math alphabet `\mathfrak' in version `bold'
(Font)                  U/euf/m/n --> U/euf/b/n on input line 106.
)
\copyins=\insert252
\abstractbox=\box53
\listisep=\skip52
\c@part=\count266
\c@section=\count267
\c@subsection=\count268
\c@subsubsection=\count269
\c@paragraph=\count270
\c@subparagraph=\count271
\c@figure=\count272
\c@table=\count273
\abovecaptionskip=\skip53
\belowcaptionskip=\skip54
\captionindent=\dimen151
\thm@style=\toks23
\thm@bodyfont=\toks24
\thm@headfont=\toks25
\thm@notefont=\toks26
\thm@headpunct=\toks27
\thm@preskip=\skip55
\thm@postskip=\skip56
\thm@headsep=\skip57
\dth@everypar=\toks28
)
(/opt/local/f8c6f7/apps/texlive/20220321-GCC-11.3.0/texmf-dist/tex/latex/microt
ype/microtype.sty
Package: microtype 2023/03/13 v3.1a Micro-typographical refinements (RS)

(/opt/local/f8c6f7/apps/texlive/20220321-GCC-11.3.0/texmf-dist/tex/latex/etoolb
ox/etoolbox.sty
Package: etoolbox 2020/10/05 v2.5k e-TeX tools for LaTeX (JAW)
\etb@tempcnta=\count274
)
\MT@toks=\toks29
\MT@tempbox=\box54
\MT@count=\count275
LaTeX Info: Redefining \noprotrusionifhmode on input line 1059.
LaTeX Info: Redefining \leftprotrusion on input line 1060.
\MT@prot@toks=\toks30
LaTeX Info: Redefining \rightprotrusion on input line 1078.
LaTeX Info: Redefining \textls on input line 1368.
\MT@outer@kern=\dimen152
LaTeX Info: Redefining \textmicrotypecontext on input line 1988.
\MT@listname@count=\count276

(/opt/local/f8c6f7/apps/texlive/20220321-GCC-11.3.0/texmf-dist/tex/latex/microt
ype/microtype-pdftex.def
File: microtype-pdftex.def 2023/03/13 v3.1a Definitions specific to pdftex (RS)

LaTeX Info: Redefining \lsstyle on input line 902.
LaTeX Info: Redefining \lslig on input line 902.
\MT@outer@space=\skip58
)
Package microtype Info: Loading configuration file microtype.cfg.

(/opt/local/f8c6f7/apps/texlive/20220321-GCC-11.3.0/texmf-dist/tex/latex/microt
ype/microtype.cfg
File: microtype.cfg 2023/03/13 v3.1a microtype main configuration file (RS)
))
(/opt/local/f8c6f7/apps/texlive/20220321-GCC-11.3.0/texmf-dist/tex/latex/bookta
bs/booktabs.sty
Package: booktabs 2020/01/12 v1.61803398 Publication quality tables
\heavyrulewidth=\dimen153
\lightrulewidth=\dimen154
\cmidrulewidth=\dimen155
\belowrulesep=\dimen156
\belowbottomsep=\dimen157
\aboverulesep=\dimen158
\abovetopsep=\dimen159
\cmidrulesep=\dimen160
\cmidrulekern=\dimen161
\defaultaddspace=\dimen162
\@cmidla=\count277
\@cmidlb=\count278
\@aboverulesep=\dimen163
\@belowrulesep=\dimen164
\@thisruleclass=\count279
\@lastruleclass=\count280
\@thisrulewidth=\dimen165
)
(/opt/local/f8c6f7/apps/texlive/20220321-GCC-11.3.0/texmf-dist/tex/latex/refcou
nt/refcount.sty
Package: refcount 2019/12/15 v3.6 Data extraction from label references (HO)

(/opt/local/f8c6f7/apps/texlive/20220321-GCC-11.3.0/texmf-dist/tex/generic/ltxc
mds/ltxcmds.sty
Package: ltxcmds 2020-05-10 v1.25 LaTeX kernel commands for general use (HO)
)
(/opt/local/f8c6f7/apps/texlive/20220321-GCC-11.3.0/texmf-dist/tex/generic/infw
arerr/infwarerr.sty
Package: infwarerr 2019/12/03 v1.5 Providing info/warning/error messages (HO)
))
(/opt/local/f8c6f7/apps/texlive/20220321-GCC-11.3.0/texmf-dist/tex/latex/totpag
es/totpages.sty
Package: totpages 2005/09/19 v2.00 Totpages Package (muewi)

(/opt/local/f8c6f7/apps/texlive/20220321-GCC-11.3.0/texmf-dist/tex/latex/everys
hi/everyshi.sty
Package: everyshi 2020/11/18 v4.00 EveryShipout Package
))
(/opt/local/f8c6f7/apps/texlive/20220321-GCC-11.3.0/texmf-dist/tex/latex/enviro
n/environ.sty
Package: environ 2014/05/04 v0.3 A new way to define environments

(/opt/local/f8c6f7/apps/texlive/20220321-GCC-11.3.0/texmf-dist/tex/latex/trimsp
aces/trimspaces.sty
Package: trimspaces 2009/09/17 v1.1 Trim spaces around a token list
))
(/opt/local/f8c6f7/apps/texlive/20220321-GCC-11.3.0/texmf-dist/tex/latex/textca
se/textcase.sty
Package: textcase 2022/07/10 v1.03 Text only upper/lower case changing (DPC)
Package textcase Info: Defining Legacy names on input line 20.
)
(/opt/local/f8c6f7/apps/texlive/20220321-GCC-11.3.0/texmf-dist/tex/latex/natbib
/natbib.sty
Package: natbib 2010/09/13 8.31b (PWD, AO)
\bibhang=\skip59
\bibsep=\skip60
LaTeX Info: Redefining \cite on input line 694.
\c@NAT@ctr=\count281
)
(/opt/local/f8c6f7/apps/texlive/20220321-GCC-11.3.0/texmf-dist/tex/latex/hyperx
mp/hyperxmp.sty
Package: hyperxmp 2022/10/16 v5.11 Store hyperref metadata in XMP format
\hyxmp@aep@toks=\toks31

(/opt/local/f8c6f7/apps/texlive/20220321-GCC-11.3.0/texmf-dist/tex/latex/kvopti
ons/kvoptions.sty
Package: kvoptions 2022-06-15 v3.15 Key value format for package options (HO)

(/opt/local/f8c6f7/apps/texlive/20220321-GCC-11.3.0/texmf-dist/tex/latex/kvsetk
eys/kvsetkeys.sty
Package: kvsetkeys 2022-10-05 v1.19 Key value parser (HO)
))
(/opt/local/f8c6f7/apps/texlive/20220321-GCC-11.3.0/texmf-dist/tex/generic/pdfe
scape/pdfescape.sty
Package: pdfescape 2019/12/09 v1.15 Implements pdfTeX's escape features (HO)

(/opt/local/f8c6f7/apps/texlive/20220321-GCC-11.3.0/texmf-dist/tex/generic/pdft
excmds/pdftexcmds.sty
Package: pdftexcmds 2020-06-27 v0.33 Utility functions of pdfTeX for LuaTeX (HO
)
Package pdftexcmds Info: \pdf@primitive is available.
Package pdftexcmds Info: \pdf@ifprimitive is available.
Package pdftexcmds Info: \pdfdraftmode found.
))
(/opt/local/f8c6f7/apps/texlive/20220321-GCC-11.3.0/texmf-dist/tex/generic/stri
ngenc/stringenc.sty
Package: stringenc 2019/11/29 v1.12 Convert strings between diff. encodings (HO
)
)
(/opt/local/f8c6f7/apps/texlive/20220321-GCC-11.3.0/texmf-dist/tex/generic/intc
alc/intcalc.sty
Package: intcalc 2019/12/15 v1.3 Expandable calculations with integers (HO)
)
(/opt/local/f8c6f7/apps/texlive/20220321-GCC-11.3.0/texmf-dist/tex/latex/ifmtar
g/ifmtarg.sty
Package: ifmtarg 2018/04/16 v1.2b check for an empty argument
)
(/opt/local/f8c6f7/apps/texlive/20220321-GCC-11.3.0/texmf-dist/tex/latex/base/i
fthen.sty
Package: ifthen 2022/04/13 v1.1d Standard LaTeX ifthen package (DPC)
)
\@hyxmp@count=\count282

(/opt/local/f8c6f7/apps/texlive/20220321-GCC-11.3.0/texmf-dist/tex/latex/oberdi
ek/ifdraft.sty
Package: ifdraft 2016/05/16 v1.4 Detect class options draft and final (HO)
)
(/opt/local/f8c6f7/apps/texlive/20220321-GCC-11.3.0/texmf-dist/tex/generic/ifte
x/ifluatex.sty
Package: ifluatex 2019/10/25 v1.5 ifluatex legacy package. Use iftex instead.
))
(/opt/local/f8c6f7/apps/texlive/20220321-GCC-11.3.0/texmf-dist/tex/latex/hyperr
ef/hyperref.sty
Package: hyperref 2023-02-07 v7.00v Hypertext links for LaTeX

(/opt/local/f8c6f7/apps/texlive/20220321-GCC-11.3.0/texmf-dist/tex/generic/kvde
finekeys/kvdefinekeys.sty
Package: kvdefinekeys 2019-12-19 v1.6 Define keys (HO)
)
(/opt/local/f8c6f7/apps/texlive/20220321-GCC-11.3.0/texmf-dist/tex/latex/hycolo
r/hycolor.sty
Package: hycolor 2020-01-27 v1.10 Color options for hyperref/bookmark (HO)
)
(/opt/local/f8c6f7/apps/texlive/20220321-GCC-11.3.0/texmf-dist/tex/latex/letltx
macro/letltxmacro.sty
Package: letltxmacro 2019/12/03 v1.6 Let assignment for LaTeX macros (HO)
)
(/opt/local/f8c6f7/apps/texlive/20220321-GCC-11.3.0/texmf-dist/tex/latex/auxhoo
k/auxhook.sty
Package: auxhook 2019-12-17 v1.6 Hooks for auxiliary files (HO)
)
(/opt/local/f8c6f7/apps/texlive/20220321-GCC-11.3.0/texmf-dist/tex/latex/hyperr
ef/nameref.sty
Package: nameref 2022-05-17 v2.50 Cross-referencing by name of section

(/opt/local/f8c6f7/apps/texlive/20220321-GCC-11.3.0/texmf-dist/tex/generic/gett
itlestring/gettitlestring.sty
Package: gettitlestring 2019/12/15 v1.6 Cleanup title references (HO)
)
\c@section@level=\count283
)
\@linkdim=\dimen166
\Hy@linkcounter=\count284
\Hy@pagecounter=\count285

(/opt/local/f8c6f7/apps/texlive/20220321-GCC-11.3.0/texmf-dist/tex/latex/hyperr
ef/pd1enc.def
File: pd1enc.def 2023-02-07 v7.00v Hyperref: PDFDocEncoding definition (HO)
Now handling font encoding PD1 ...
... no UTF-8 mapping file for font encoding PD1
)
(/opt/local/f8c6f7/apps/texlive/20220321-GCC-11.3.0/texmf-dist/tex/generic/etex
cmds/etexcmds.sty
Package: etexcmds 2019/12/15 v1.7 Avoid name clashes with e-TeX commands (HO)
)
\Hy@SavedSpaceFactor=\count286

(/opt/local/f8c6f7/apps/texlive/20220321-GCC-11.3.0/texmf-dist/tex/latex/hyperr
ef/puenc.def
File: puenc.def 2023-02-07 v7.00v Hyperref: PDF Unicode definition (HO)
Now handling font encoding PU ...
... no UTF-8 mapping file for font encoding PU
)
Package hyperref Info: Option `bookmarksnumbered' set `true' on input line 4060
.
Package hyperref Info: Option `unicode' set `true' on input line 4060.
Package hyperref Info: Hyper figures OFF on input line 4177.
Package hyperref Info: Link nesting OFF on input line 4182.
Package hyperref Info: Hyper index ON on input line 4185.
Package hyperref Info: Plain pages OFF on input line 4192.
Package hyperref Info: Backreferencing OFF on input line 4197.
Package hyperref Info: Implicit mode ON; LaTeX internals redefined.
Package hyperref Info: Bookmarks ON on input line 4425.
\c@Hy@tempcnt=\count287

(/opt/local/f8c6f7/apps/texlive/20220321-GCC-11.3.0/texmf-dist/tex/latex/url/ur
l.sty
\Urlmuskip=\muskip17
Package: url 2013/09/16  ver 3.4  Verb mode for urls, etc.
)
LaTeX Info: Redefining \url on input line 4763.
\XeTeXLinkMargin=\dimen167

(/opt/local/f8c6f7/apps/texlive/20220321-GCC-11.3.0/texmf-dist/tex/generic/bits
et/bitset.sty
Package: bitset 2019/12/09 v1.3 Handle bit-vector datatype (HO)

(/opt/local/f8c6f7/apps/texlive/20220321-GCC-11.3.0/texmf-dist/tex/generic/bigi
ntcalc/bigintcalc.sty
Package: bigintcalc 2019/12/15 v1.5 Expandable calculations on big integers (HO
)
))
\Fld@menulength=\count288
\Field@Width=\dimen168
\Fld@charsize=\dimen169
Package hyperref Info: Hyper figures OFF on input line 6042.
Package hyperref Info: Link nesting OFF on input line 6047.
Package hyperref Info: Hyper index ON on input line 6050.
Package hyperref Info: backreferencing OFF on input line 6057.
Package hyperref Info: Link coloring OFF on input line 6062.
Package hyperref Info: Link coloring with OCG OFF on input line 6067.
Package hyperref Info: PDF/A mode OFF on input line 6072.

(/opt/local/f8c6f7/apps/texlive/20220321-GCC-11.3.0/texmf-dist/tex/latex/base/a
tbegshi-ltx.sty
Package: atbegshi-ltx 2021/01/10 v1.0c Emulation of the original atbegshi
package with kernel methods
)
\Hy@abspage=\count289
\c@Item=\count290
\c@Hfootnote=\count291
)
Package hyperref Info: Driver (autodetected): hpdftex.

(/opt/local/f8c6f7/apps/texlive/20220321-GCC-11.3.0/texmf-dist/tex/latex/hyperr
ef/hpdftex.def
File: hpdftex.def 2023-02-07 v7.00v Hyperref driver for pdfTeX

(/opt/local/f8c6f7/apps/texlive/20220321-GCC-11.3.0/texmf-dist/tex/latex/base/a
tveryend-ltx.sty
Package: atveryend-ltx 2020/08/19 v1.0a Emulation of the original atveryend pac
kage
with kernel methods
)
\Fld@listcount=\count292
\c@bookmark@seq@number=\count293

(/opt/local/f8c6f7/apps/texlive/20220321-GCC-11.3.0/texmf-dist/tex/latex/rerunf
ilecheck/rerunfilecheck.sty
Package: rerunfilecheck 2022-07-10 v1.10 Rerun checks for auxiliary files (HO)

(/opt/local/f8c6f7/apps/texlive/20220321-GCC-11.3.0/texmf-dist/tex/generic/uniq
uecounter/uniquecounter.sty
Package: uniquecounter 2019/12/15 v1.4 Provide unlimited unique counter (HO)
)
Package uniquecounter Info: New unique counter `rerunfilecheck' on input line 2
85.
)
\Hy@SectionHShift=\skip61
)
(/opt/local/f8c6f7/apps/texlive/20220321-GCC-11.3.0/texmf-dist/tex/latex/graphi
cs/graphicx.sty
Package: graphicx 2021/09/16 v1.2d Enhanced LaTeX Graphics (DPC,SPQR)

(/opt/local/f8c6f7/apps/texlive/20220321-GCC-11.3.0/texmf-dist/tex/latex/graphi
cs/graphics.sty
Package: graphics 2022/03/10 v1.4e Standard LaTeX Graphics (DPC,SPQR)

(/opt/local/f8c6f7/apps/texlive/20220321-GCC-11.3.0/texmf-dist/tex/latex/graphi
cs/trig.sty
Package: trig 2021/08/11 v1.11 sin cos tan (DPC)
)
(/opt/local/f8c6f7/apps/texlive/20220321-GCC-11.3.0/texmf-dist/tex/latex/graphi
cs-cfg/graphics.cfg
File: graphics.cfg 2016/06/04 v1.11 sample graphics configuration
)
Package graphics Info: Driver file: pdftex.def on input line 107.

(/opt/local/f8c6f7/apps/texlive/20220321-GCC-11.3.0/texmf-dist/tex/latex/graphi
cs-def/pdftex.def
File: pdftex.def 2022/09/22 v1.2b Graphics/color driver for pdftex
))
\Gin@req@height=\dimen170
\Gin@req@width=\dimen171
)
(/opt/local/f8c6f7/apps/texlive/20220321-GCC-11.3.0/texmf-dist/tex/latex/xcolor
/xcolor.sty
Package: xcolor 2022/06/12 v2.14 LaTeX color extensions (UK)

(/opt/local/f8c6f7/apps/texlive/20220321-GCC-11.3.0/texmf-dist/tex/latex/graphi
cs-cfg/color.cfg
File: color.cfg 2016/01/02 v1.6 sample color configuration
)
Package xcolor Info: Driver file: pdftex.def on input line 227.

(/opt/local/f8c6f7/apps/texlive/20220321-GCC-11.3.0/texmf-dist/tex/latex/graphi
cs/mathcolor.ltx)
Package xcolor Info: Model `cmy' substituted by `cmy0' on input line 1353.
Package xcolor Info: Model `hsb' substituted by `rgb' on input line 1357.
Package xcolor Info: Model `RGB' extended on input line 1369.
Package xcolor Info: Model `HTML' substituted by `rgb' on input line 1371.
Package xcolor Info: Model `Hsb' substituted by `hsb' on input line 1372.
Package xcolor Info: Model `tHsb' substituted by `hsb' on input line 1373.
Package xcolor Info: Model `HSB' substituted by `hsb' on input line 1374.
Package xcolor Info: Model `Gray' substituted by `gray' on input line 1375.
Package xcolor Info: Model `wave' substituted by `hsb' on input line 1376.
)
(/opt/local/f8c6f7/apps/texlive/20220321-GCC-11.3.0/texmf-dist/tex/latex/geomet
ry/geometry.sty
Package: geometry 2020/01/02 v5.9 Page Geometry

(/opt/local/f8c6f7/apps/texlive/20220321-GCC-11.3.0/texmf-dist/tex/generic/ifte
x/ifvtex.sty
Package: ifvtex 2019/10/25 v1.7 ifvtex legacy package. Use iftex instead.
)
\Gm@cnth=\count294
\Gm@cntv=\count295
\c@Gm@tempcnt=\count296
\Gm@bindingoffset=\dimen172
\Gm@wd@mp=\dimen173
\Gm@odd@mp=\dimen174
\Gm@even@mp=\dimen175
\Gm@layoutwidth=\dimen176
\Gm@layoutheight=\dimen177
\Gm@layouthoffset=\dimen178
\Gm@layoutvoffset=\dimen179
\Gm@dimlist=\toks32
)
(/opt/local/f8c6f7/apps/texlive/20220321-GCC-11.3.0/texmf-dist/tex/latex/ncctoo
ls/manyfoot.sty
Package: manyfoot 2019/08/03 v1.11 Many Footnote Levels Package (NCC)

(/opt/local/f8c6f7/apps/texlive/20220321-GCC-11.3.0/texmf-dist/tex/latex/ncctoo
ls/nccfoots.sty
Package: nccfoots 2005/02/03 v1.2 NCC Footnotes Package (NCC)
)
\MFL@columnwidth=\dimen180
)
\footinsauthorsaddresses=\insert251
\c@footnoteauthorsaddresses=\count297
\footinscopyrightpermission=\insert250
\c@footnotecopyrightpermission=\count298

(/opt/local/f8c6f7/apps/texlive/20220321-GCC-11.3.0/texmf-dist/tex/generic/pdft
ex/glyphtounicode.tex)
(/opt/local/f8c6f7/apps/texlive/20220321-GCC-11.3.0/texmf-dist/tex/latex/cmap/c
map.sty
Package: cmap 2021/02/06 v1.0j CMap support: searchable PDF
)
(/opt/local/f8c6f7/apps/texlive/20220321-GCC-11.3.0/texmf-dist/tex/latex/base/f
ontenc.sty
Package: fontenc 2021/04/29 v2.0v Standard LaTeX package
<<t1.cmap>>)
(/opt/local/f8c6f7/apps/texlive/20220321-GCC-11.3.0/texmf-dist/tex/latex/libert
ine/libertine.sty
Package: libertine 2022/09/12 (Bob Tennent) Supports Libertine and Biolinum fon
ts for all LaTeX engines.

(/opt/local/f8c6f7/apps/texlive/20220321-GCC-11.3.0/texmf-dist/tex/generic/ifte
x/ifxetex.sty
Package: ifxetex 2019/10/25 v0.7 ifxetex legacy package. Use iftex instead.
)
(/opt/local/f8c6f7/apps/texlive/20220321-GCC-11.3.0/texmf-dist/tex/latex/base/t
extcomp.sty
Package: textcomp 2020/02/02 v2.0n Standard LaTeX package
)
(/opt/local/f8c6f7/apps/texlive/20220321-GCC-11.3.0/texmf-dist/tex/latex/base/f
ontenc.sty
Package: fontenc 2021/04/29 v2.0v Standard LaTeX package
)
(/opt/local/f8c6f7/apps/texlive/20220321-GCC-11.3.0/texmf-dist/tex/latex/fontax
es/fontaxes.sty
Package: fontaxes 2020/07/21 v1.0e Font selection axes
LaTeX Info: Redefining \upshape on input line 29.
LaTeX Info: Redefining \itshape on input line 31.
LaTeX Info: Redefining \slshape on input line 33.
LaTeX Info: Redefining \swshape on input line 35.
LaTeX Info: Redefining \scshape on input line 37.
LaTeX Info: Redefining \sscshape on input line 39.
LaTeX Info: Redefining \ulcshape on input line 41.
LaTeX Info: Redefining \textsw on input line 47.
LaTeX Info: Redefining \textssc on input line 48.
LaTeX Info: Redefining \textulc on input line 49.
)
LaTeX Info: Redefining \oldstylenums on input line 483.

(/opt/local/f8c6f7/apps/texlive/20220321-GCC-11.3.0/texmf-dist/tex/latex/libert
ine/LinLibertine_I.tex))
(/opt/local/f8c6f7/apps/texlive/20220321-GCC-11.3.0/texmf-dist/tex/latex/incons
olata/zi4.sty
Package: zi4 2019/05/17 v1.12

`inconsolata-zi4' v1.12, 2019/05/17 Text macros for Inconsolata (msharpe)
\zifour@ocount=\count299
)
(/opt/local/f8c6f7/apps/texlive/20220321-GCC-11.3.0/texmf-dist/tex/latex/newtx/
newtxmath.sty
Package: newtxmath 2022/01/16 v1.71

`newtxmath' v1.71, 2022/01/16 Math macros based originally on txfonts (msharpe)

(/opt/local/f8c6f7/apps/texlive/20220321-GCC-11.3.0/texmf-dist/tex/latex/oberdi
ek/centernot.sty
Package: centernot 2016/05/16 v1.4 Centers the not symbol horizontally (HO)
)
\tx@cntz=\count300

(/opt/local/f8c6f7/apps/texlive/20220321-GCC-11.3.0/texmf-dist/tex/generic/kast
rup/binhex.tex)
\tx@Isdigit=\count301
\tx@IsAlNum=\count302
\tx@tA=\toks33
\tx@tB=\toks34
\tx@su=\read2

amsthm NOT loaded
LaTeX Font Info:    Redeclaring symbol font `operators' on input line 376.
LaTeX Font Info:    Overwriting symbol font `operators' in version `normal'
(Font)                  OT1/cmr/m/n --> OT1/LinuxLibertineT-TLF/m/n on input li
ne 376.
LaTeX Font Info:    Overwriting symbol font `operators' in version `bold'
(Font)                  OT1/cmr/bx/n --> OT1/LinuxLibertineT-TLF/m/n on input l
ine 376.
LaTeX Font Info:    Overwriting symbol font `operators' in version `bold'
(Font)                  OT1/LinuxLibertineT-TLF/m/n --> OT1/LinuxLibertineT-TLF
/sb/n on input line 377.
LaTeX Font Info:    Redeclaring math alphabet \mathsf on input line 383.
LaTeX Font Info:    Overwriting math alphabet `\mathsf' in version `normal'
(Font)                  OT1/cmss/m/n --> T1/LinuxBiolinumT-TLF/m/n on input lin
e 383.
LaTeX Font Info:    Overwriting math alphabet `\mathsf' in version `bold'
(Font)                  OT1/cmss/bx/n --> T1/LinuxBiolinumT-TLF/m/n on input li
ne 383.
LaTeX Font Info:    Redeclaring math alphabet \mathit on input line 384.
LaTeX Font Info:    Overwriting math alphabet `\mathit' in version `normal'
(Font)                  OT1/cmr/m/it --> OT1/LinuxLibertineT-TLF/m/it on input 
line 384.
LaTeX Font Info:    Overwriting math alphabet `\mathit' in version `bold'
(Font)                  OT1/cmr/bx/it --> OT1/LinuxLibertineT-TLF/m/it on input
 line 384.
LaTeX Font Info:    Redeclaring math alphabet \mathtt on input line 385.
LaTeX Font Info:    Overwriting math alphabet `\mathtt' in version `normal'
(Font)                  OT1/cmtt/m/n --> T1/zi4/m/n on input line 385.
LaTeX Font Info:    Overwriting math alphabet `\mathtt' in version `bold'
(Font)                  OT1/cmtt/m/n --> T1/zi4/m/n on input line 385.
LaTeX Font Info:    Redeclaring math alphabet \mathbf on input line 387.
LaTeX Font Info:    Overwriting math alphabet `\mathbf' in version `normal'
(Font)                  OT1/cmr/bx/n --> OT1/LinuxLibertineT-TLF/sb/n on input 
line 387.
LaTeX Font Info:    Overwriting math alphabet `\mathbf' in version `bold'
(Font)                  OT1/cmr/bx/n --> OT1/LinuxLibertineT-TLF/sb/n on input 
line 387.
LaTeX Font Info:    Overwriting math alphabet `\mathit' in version `bold'
(Font)                  OT1/LinuxLibertineT-TLF/m/it --> OT1/LinuxLibertineT-TL
F/sb/it on input line 388.
LaTeX Font Info:    Overwriting math alphabet `\mathsf' in version `bold'
(Font)                  T1/LinuxBiolinumT-TLF/m/n --> T1/LinuxBiolinumT-TLF/b/n
 on input line 389.
LaTeX Font Info:    Overwriting math alphabet `\mathtt' in version `bold'
(Font)                  T1/zi4/m/n --> T1/zi4/b/n on input line 390.
LaTeX Font Info:    Redeclaring symbol font `letters' on input line 407.
LaTeX Font Info:    Overwriting symbol font `letters' in version `normal'
(Font)                  OML/cmm/m/it --> OML/nxlmi/m/it on input line 407.
LaTeX Font Info:    Overwriting symbol font `letters' in version `bold'
(Font)                  OML/cmm/b/it --> OML/nxlmi/m/it on input line 407.
LaTeX Font Info:    Overwriting symbol font `letters' in version `bold'
(Font)                  OML/nxlmi/m/it --> OML/nxlmi/b/it on input line 408.
\symlettersA=\mathgroup6
LaTeX Font Info:    Overwriting symbol font `lettersA' in version `bold'
(Font)                  U/ntxmia/m/it --> U/ntxmia/b/it on input line 547.
LaTeX Font Info:    Redeclaring math alphabet \mathfrak on input line 549.
Now handling font encoding LMS ...
... no UTF-8 mapping file for font encoding LMS
LaTeX Font Info:    Redeclaring symbol font `symbols' on input line 568.
LaTeX Font Info:    Encoding `OMS' has changed to `LMS' for symbol font
(Font)              `symbols' in the math version `normal' on input line 568.
LaTeX Font Info:    Overwriting symbol font `symbols' in version `normal'
(Font)                  OMS/cmsy/m/n --> LMS/ntxsy/m/n on input line 568.
LaTeX Font Info:    Encoding `OMS' has changed to `LMS' for symbol font
(Font)              `symbols' in the math version `bold' on input line 568.
LaTeX Font Info:    Overwriting symbol font `symbols' in version `bold'
(Font)                  OMS/cmsy/b/n --> LMS/ntxsy/m/n on input line 568.
LaTeX Font Info:    Overwriting symbol font `symbols' in version `bold'
(Font)                  LMS/ntxsy/m/n --> LMS/ntxsy/b/n on input line 569.
\symAMSm=\mathgroup7
LaTeX Font Info:    Overwriting symbol font `AMSm' in version `bold'
(Font)                  U/ntxsym/m/n --> U/ntxsym/b/n on input line 594.
\symsymbolsC=\mathgroup8
LaTeX Font Info:    Overwriting symbol font `symbolsC' in version `bold'
(Font)                  U/ntxsyc/m/n --> U/ntxsyc/b/n on input line 615.
Now handling font encoding LMX ...
... no UTF-8 mapping file for font encoding LMX
LaTeX Font Info:    Redeclaring symbol font `largesymbols' on input line 628.
LaTeX Font Info:    Encoding `OMX' has changed to `LMX' for symbol font
(Font)              `largesymbols' in the math version `normal' on input line 6
28.
LaTeX Font Info:    Overwriting symbol font `largesymbols' in version `normal'
(Font)                  OMX/cmex/m/n --> LMX/ntxexx/m/n on input line 628.
LaTeX Font Info:    Encoding `OMX' has changed to `LMX' for symbol font
(Font)              `largesymbols' in the math version `bold' on input line 628
.
LaTeX Font Info:    Overwriting symbol font `largesymbols' in version `bold'
(Font)                  OMX/cmex/m/n --> LMX/ntxexx/m/n on input line 628.
LaTeX Font Info:    Overwriting symbol font `largesymbols' in version `bold'
(Font)                  LMX/ntxexx/m/n --> LMX/ntxexx/b/n on input line 629.
\symlargesymbolsTXA=\mathgroup9
LaTeX Font Info:    Overwriting symbol font `largesymbolsTXA' in version `bold'

(Font)                  U/ntxexa/m/n --> U/ntxexa/b/n on input line 643.
\tx@sbptoks=\toks35
LaTeX Font Info:    Redeclaring math delimiter \lfloor on input line 866.
LaTeX Font Info:    Redeclaring math delimiter \rfloor on input line 867.
LaTeX Font Info:    Redeclaring math delimiter \lceil on input line 868.
LaTeX Font Info:    Redeclaring math delimiter \rceil on input line 869.
LaTeX Font Info:    Redeclaring math delimiter \lbrace on input line 870.
LaTeX Font Info:    Redeclaring math delimiter \rbrace on input line 871.
LaTeX Font Info:    Redeclaring math delimiter \langle on input line 872.
LaTeX Font Info:    Redeclaring math delimiter \rangle on input line 874.
LaTeX Font Info:    Redeclaring math delimiter \arrowvert on input line 878.
LaTeX Font Info:    Redeclaring math delimiter \vert on input line 879.
LaTeX Font Info:    Redeclaring math accent \dot on input line 950.
LaTeX Font Info:    Redeclaring math accent \ddot on input line 951.
LaTeX Font Info:    Redeclaring math accent \vec on input line 2020.
LaTeX Info: Redefining \Bbbk on input line 2810.
LaTeX Info: Redefining \not on input line 2959.
LaTeX Info: Redefining \textsquare on input line 2989.
LaTeX Info: Redefining \openbox on input line 2991.
)
(/opt/local/f8c6f7/apps/texlive/20220321-GCC-11.3.0/texmf-dist/tex/latex/captio
n/caption.sty
Package: caption 2022/03/01 v3.6b Customizing captions (AR)

(/opt/local/f8c6f7/apps/texlive/20220321-GCC-11.3.0/texmf-dist/tex/latex/captio
n/caption3.sty
Package: caption3 2022/03/17 v2.3b caption3 kernel (AR)
\caption@tempdima=\dimen181
\captionmargin=\dimen182
\caption@leftmargin=\dimen183
\caption@rightmargin=\dimen184
\caption@width=\dimen185
\caption@indent=\dimen186
\caption@parindent=\dimen187
\caption@hangindent=\dimen188
Package caption Info: AMS or SMF document class detected.

(/opt/local/f8c6f7/apps/texlive/20220321-GCC-11.3.0/texmf-dist/tex/latex/captio
n/caption-ams-smf.sto
File: caption-ams-smf.sto 2020/08/22 v2.0 Adaption of the caption package to th
e AMS and SMF document classes (AR)
))
\c@caption@flags=\count303
\c@continuedfloat=\count304
Package caption Info: hyperref package is loaded.
)
(/opt/local/f8c6f7/apps/texlive/20220321-GCC-11.3.0/texmf-dist/tex/latex/float/
float.sty
Package: float 2001/11/08 v1.3d Float enhancements (AL)
\c@float@type=\count305
\float@exts=\toks36
\float@box=\box55
\@float@everytoks=\toks37
\@floatcapt=\box56
)
\@float@every@sidebar=\toks38
\c@sidebar=\count306
\fulltextwidth=\dimen189
\@ACM@labelwidth=\dimen190
\listisep=\skip62
\num@authorgroups=\count307
\num@authors=\count308
\@ACM@badge@width=\skip63
\@ACM@title@width=\skip64
\@ACM@badge@skip=\skip65
Class acmart Info: Printing CCS on input line 1699.
Class acmart Info: Printing bibformat on input line 1699.
Class acmart Info: Suppressing folios on input line 1706.
Class acmart Info: Setting authorsperrow to 0 on input line 1709.

(/opt/local/f8c6f7/apps/texlive/20220321-GCC-11.3.0/texmf-dist/tex/latex/commen
t/comment.sty
\CommentStream=\write3
 Excluding comment 'comment') Excluding comment 'CCSXML'
\c@@concepts=\count309
\mktitle@bx=\box57
\@ACM@acmcpbox=\box58
\@ACM@commabox=\box59
\author@bx=\box60
\author@bx@wd=\dimen191
\author@bx@sep=\skip66

(/opt/local/f8c6f7/apps/texlive/20220321-GCC-11.3.0/texmf-dist/tex/latex/fancyh
dr/fancyhdr.sty
Package: fancyhdr 2022/11/09 v4.1 Extensive control of page headers and footers

\f@nch@headwidth=\skip67
\f@nch@O@elh=\skip68
\f@nch@O@erh=\skip69
\f@nch@O@olh=\skip70
\f@nch@O@orh=\skip71
\f@nch@O@elf=\skip72
\f@nch@O@erf=\skip73
\f@nch@O@olf=\skip74
\f@nch@O@orf=\skip75
)
\@folio@wd=\dimen192
\@folio@ht=\dimen193
\@folio@voffset=\dimen194
 Special comment 'acks'
LaTeX Font Info:    Trying to load font information for T1+LinuxLibertineT-TLF 
on input line 3530.

(/opt/local/f8c6f7/apps/texlive/20220321-GCC-11.3.0/texmf-dist/tex/latex/libert
ine/T1LinuxLibertineT-TLF.fd
File: T1LinuxLibertineT-TLF.fd 2017/03/20 (autoinst) Font definitions for T1/Li
nuxLibertineT-TLF.
)
LaTeX Font Info:    Font shape `T1/LinuxLibertineT-TLF/m/n' will be
(Font)              scaled to size 9.0pt on input line 3530.
)
(/opt/local/f8c6f7/apps/texlive/20220321-GCC-11.3.0/texmf-dist/tex/latex/clever
ef/cleveref.sty
Package: cleveref 2018/03/27 v0.21.4 Intelligent cross-referencing
Package cleveref Info: `hyperref' support loaded on input line 2370.
LaTeX Info: Redefining \cref on input line 2370.
LaTeX Info: Redefining \Cref on input line 2370.
LaTeX Info: Redefining \crefrange on input line 2370.
LaTeX Info: Redefining \Crefrange on input line 2370.
LaTeX Info: Redefining \cpageref on input line 2370.
LaTeX Info: Redefining \Cpageref on input line 2370.
LaTeX Info: Redefining \cpagerefrange on input line 2370.
LaTeX Info: Redefining \Cpagerefrange on input line 2370.
LaTeX Info: Redefining \labelcref on input line 2370.
LaTeX Info: Redefining \labelcpageref on input line 2370.
Package cleveref Info: `amsthm' support loaded on input line 3026.
)
(/opt/local/f8c6f7/apps/texlive/20220321-GCC-11.3.0/texmf-dist/tex/latex/pgf/fr
ontendlayer/tikz.sty
(/opt/local/f8c6f7/apps/texlive/20220321-GCC-11.3.0/texmf-dist/tex/latex/pgf/ba
siclayer/pgf.sty
(/opt/local/f8c6f7/apps/texlive/20220321-GCC-11.3.0/texmf-dist/tex/latex/pgf/ut
ilities/pgfrcs.sty
(/opt/local/f8c6f7/apps/texlive/20220321-GCC-11.3.0/texmf-dist/tex/generic/pgf/
utilities/pgfutil-common.tex
\pgfutil@everybye=\toks39
\pgfutil@tempdima=\dimen195
\pgfutil@tempdimb=\dimen196
)
(/opt/local/f8c6f7/apps/texlive/20220321-GCC-11.3.0/texmf-dist/tex/generic/pgf/
utilities/pgfutil-latex.def
\pgfutil@abb=\box61
)
(/opt/local/f8c6f7/apps/texlive/20220321-GCC-11.3.0/texmf-dist/tex/generic/pgf/
utilities/pgfrcs.code.tex
(/opt/local/f8c6f7/apps/texlive/20220321-GCC-11.3.0/texmf-dist/tex/generic/pgf/
pgf.revision.tex)
Package: pgfrcs 2023-01-15 v3.1.10 (3.1.10)
))
Package: pgf 2023-01-15 v3.1.10 (3.1.10)

(/opt/local/f8c6f7/apps/texlive/20220321-GCC-11.3.0/texmf-dist/tex/latex/pgf/ba
siclayer/pgfcore.sty
(/opt/local/f8c6f7/apps/texlive/20220321-GCC-11.3.0/texmf-dist/tex/latex/pgf/sy
stemlayer/pgfsys.sty
(/opt/local/f8c6f7/apps/texlive/20220321-GCC-11.3.0/texmf-dist/tex/generic/pgf/
systemlayer/pgfsys.code.tex
Package: pgfsys 2023-01-15 v3.1.10 (3.1.10)

(/opt/local/f8c6f7/apps/texlive/20220321-GCC-11.3.0/texmf-dist/tex/generic/pgf/
utilities/pgfkeys.code.tex
\pgfkeys@pathtoks=\toks40
\pgfkeys@temptoks=\toks41

(/opt/local/f8c6f7/apps/texlive/20220321-GCC-11.3.0/texmf-dist/tex/generic/pgf/
utilities/pgfkeyslibraryfiltered.code.tex
\pgfkeys@tmptoks=\toks42
))
\pgf@x=\dimen197
\pgf@y=\dimen198
\pgf@xa=\dimen199
\pgf@ya=\dimen256
\pgf@xb=\dimen257
\pgf@yb=\dimen258
\pgf@xc=\dimen259
\pgf@yc=\dimen260
\pgf@xd=\dimen261
\pgf@yd=\dimen262
\w@pgf@writea=\write4
\r@pgf@reada=\read3
\c@pgf@counta=\count310
\c@pgf@countb=\count311
\c@pgf@countc=\count312
\c@pgf@countd=\count313
\t@pgf@toka=\toks43
\t@pgf@tokb=\toks44
\t@pgf@tokc=\toks45
\pgf@sys@id@count=\count314

(/opt/local/f8c6f7/apps/texlive/20220321-GCC-11.3.0/texmf-dist/tex/generic/pgf/
systemlayer/pgf.cfg
File: pgf.cfg 2023-01-15 v3.1.10 (3.1.10)
)
Driver file for pgf: pgfsys-pdftex.def

(/opt/local/f8c6f7/apps/texlive/20220321-GCC-11.3.0/texmf-dist/tex/generic/pgf/
systemlayer/pgfsys-pdftex.def
File: pgfsys-pdftex.def 2023-01-15 v3.1.10 (3.1.10)

(/opt/local/f8c6f7/apps/texlive/20220321-GCC-11.3.0/texmf-dist/tex/generic/pgf/
systemlayer/pgfsys-common-pdf.def
File: pgfsys-common-pdf.def 2023-01-15 v3.1.10 (3.1.10)
)))
(/opt/local/f8c6f7/apps/texlive/20220321-GCC-11.3.0/texmf-dist/tex/generic/pgf/
systemlayer/pgfsyssoftpath.code.tex
File: pgfsyssoftpath.code.tex 2023-01-15 v3.1.10 (3.1.10)
\pgfsyssoftpath@smallbuffer@items=\count315
\pgfsyssoftpath@bigbuffer@items=\count316
)
(/opt/local/f8c6f7/apps/texlive/20220321-GCC-11.3.0/texmf-dist/tex/generic/pgf/
systemlayer/pgfsysprotocol.code.tex
File: pgfsysprotocol.code.tex 2023-01-15 v3.1.10 (3.1.10)
))
(/opt/local/f8c6f7/apps/texlive/20220321-GCC-11.3.0/texmf-dist/tex/generic/pgf/
basiclayer/pgfcore.code.tex
Package: pgfcore 2023-01-15 v3.1.10 (3.1.10)

(/opt/local/f8c6f7/apps/texlive/20220321-GCC-11.3.0/texmf-dist/tex/generic/pgf/
math/pgfmath.code.tex
(/opt/local/f8c6f7/apps/texlive/20220321-GCC-11.3.0/texmf-dist/tex/generic/pgf/
math/pgfmathutil.code.tex)
(/opt/local/f8c6f7/apps/texlive/20220321-GCC-11.3.0/texmf-dist/tex/generic/pgf/
math/pgfmathparser.code.tex
\pgfmath@dimen=\dimen263
\pgfmath@count=\count317
\pgfmath@box=\box62
\pgfmath@toks=\toks46
\pgfmath@stack@operand=\toks47
\pgfmath@stack@operation=\toks48
)
(/opt/local/f8c6f7/apps/texlive/20220321-GCC-11.3.0/texmf-dist/tex/generic/pgf/
math/pgfmathfunctions.code.tex)
(/opt/local/f8c6f7/apps/texlive/20220321-GCC-11.3.0/texmf-dist/tex/generic/pgf/
math/pgfmathfunctions.basic.code.tex)
(/opt/local/f8c6f7/apps/texlive/20220321-GCC-11.3.0/texmf-dist/tex/generic/pgf/
math/pgfmathfunctions.trigonometric.code.tex)
(/opt/local/f8c6f7/apps/texlive/20220321-GCC-11.3.0/texmf-dist/tex/generic/pgf/
math/pgfmathfunctions.random.code.tex)
(/opt/local/f8c6f7/apps/texlive/20220321-GCC-11.3.0/texmf-dist/tex/generic/pgf/
math/pgfmathfunctions.comparison.code.tex)
(/opt/local/f8c6f7/apps/texlive/20220321-GCC-11.3.0/texmf-dist/tex/generic/pgf/
math/pgfmathfunctions.base.code.tex)
(/opt/local/f8c6f7/apps/texlive/20220321-GCC-11.3.0/texmf-dist/tex/generic/pgf/
math/pgfmathfunctions.round.code.tex)
(/opt/local/f8c6f7/apps/texlive/20220321-GCC-11.3.0/texmf-dist/tex/generic/pgf/
math/pgfmathfunctions.misc.code.tex)
(/opt/local/f8c6f7/apps/texlive/20220321-GCC-11.3.0/texmf-dist/tex/generic/pgf/
math/pgfmathfunctions.integerarithmetics.code.tex)
(/opt/local/f8c6f7/apps/texlive/20220321-GCC-11.3.0/texmf-dist/tex/generic/pgf/
math/pgfmathcalc.code.tex)
(/opt/local/f8c6f7/apps/texlive/20220321-GCC-11.3.0/texmf-dist/tex/generic/pgf/
math/pgfmathfloat.code.tex
\c@pgfmathroundto@lastzeros=\count318
))
(/opt/local/f8c6f7/apps/texlive/20220321-GCC-11.3.0/texmf-dist/tex/generic/pgf/
math/pgfint.code.tex)
(/opt/local/f8c6f7/apps/texlive/20220321-GCC-11.3.0/texmf-dist/tex/generic/pgf/
basiclayer/pgfcorepoints.code.tex
File: pgfcorepoints.code.tex 2023-01-15 v3.1.10 (3.1.10)
\pgf@picminx=\dimen264
\pgf@picmaxx=\dimen265
\pgf@picminy=\dimen266
\pgf@picmaxy=\dimen267
\pgf@pathminx=\dimen268
\pgf@pathmaxx=\dimen269
\pgf@pathminy=\dimen270
\pgf@pathmaxy=\dimen271
\pgf@xx=\dimen272
\pgf@xy=\dimen273
\pgf@yx=\dimen274
\pgf@yy=\dimen275
\pgf@zx=\dimen276
\pgf@zy=\dimen277
)
(/opt/local/f8c6f7/apps/texlive/20220321-GCC-11.3.0/texmf-dist/tex/generic/pgf/
basiclayer/pgfcorepathconstruct.code.tex
File: pgfcorepathconstruct.code.tex 2023-01-15 v3.1.10 (3.1.10)
\pgf@path@lastx=\dimen278
\pgf@path@lasty=\dimen279
)
(/opt/local/f8c6f7/apps/texlive/20220321-GCC-11.3.0/texmf-dist/tex/generic/pgf/
basiclayer/pgfcorepathusage.code.tex
File: pgfcorepathusage.code.tex 2023-01-15 v3.1.10 (3.1.10)
\pgf@shorten@end@additional=\dimen280
\pgf@shorten@start@additional=\dimen281
)
(/opt/local/f8c6f7/apps/texlive/20220321-GCC-11.3.0/texmf-dist/tex/generic/pgf/
basiclayer/pgfcorescopes.code.tex
File: pgfcorescopes.code.tex 2023-01-15 v3.1.10 (3.1.10)
\pgfpic=\box63
\pgf@hbox=\box64
\pgf@layerbox@main=\box65
\pgf@picture@serial@count=\count319
)
(/opt/local/f8c6f7/apps/texlive/20220321-GCC-11.3.0/texmf-dist/tex/generic/pgf/
basiclayer/pgfcoregraphicstate.code.tex
File: pgfcoregraphicstate.code.tex 2023-01-15 v3.1.10 (3.1.10)
\pgflinewidth=\dimen282
)
(/opt/local/f8c6f7/apps/texlive/20220321-GCC-11.3.0/texmf-dist/tex/generic/pgf/
basiclayer/pgfcoretransformations.code.tex
File: pgfcoretransformations.code.tex 2023-01-15 v3.1.10 (3.1.10)
\pgf@pt@x=\dimen283
\pgf@pt@y=\dimen284
\pgf@pt@temp=\dimen285
)
(/opt/local/f8c6f7/apps/texlive/20220321-GCC-11.3.0/texmf-dist/tex/generic/pgf/
basiclayer/pgfcorequick.code.tex
File: pgfcorequick.code.tex 2023-01-15 v3.1.10 (3.1.10)
)
(/opt/local/f8c6f7/apps/texlive/20220321-GCC-11.3.0/texmf-dist/tex/generic/pgf/
basiclayer/pgfcoreobjects.code.tex
File: pgfcoreobjects.code.tex 2023-01-15 v3.1.10 (3.1.10)
)
(/opt/local/f8c6f7/apps/texlive/20220321-GCC-11.3.0/texmf-dist/tex/generic/pgf/
basiclayer/pgfcorepathprocessing.code.tex
File: pgfcorepathprocessing.code.tex 2023-01-15 v3.1.10 (3.1.10)
)
(/opt/local/f8c6f7/apps/texlive/20220321-GCC-11.3.0/texmf-dist/tex/generic/pgf/
basiclayer/pgfcorearrows.code.tex
File: pgfcorearrows.code.tex 2023-01-15 v3.1.10 (3.1.10)
\pgfarrowsep=\dimen286
)
(/opt/local/f8c6f7/apps/texlive/20220321-GCC-11.3.0/texmf-dist/tex/generic/pgf/
basiclayer/pgfcoreshade.code.tex
File: pgfcoreshade.code.tex 2023-01-15 v3.1.10 (3.1.10)
\pgf@max=\dimen287
\pgf@sys@shading@range@num=\count320
\pgf@shadingcount=\count321
)
(/opt/local/f8c6f7/apps/texlive/20220321-GCC-11.3.0/texmf-dist/tex/generic/pgf/
basiclayer/pgfcoreimage.code.tex
File: pgfcoreimage.code.tex 2023-01-15 v3.1.10 (3.1.10)
)
(/opt/local/f8c6f7/apps/texlive/20220321-GCC-11.3.0/texmf-dist/tex/generic/pgf/
basiclayer/pgfcoreexternal.code.tex
File: pgfcoreexternal.code.tex 2023-01-15 v3.1.10 (3.1.10)
\pgfexternal@startupbox=\box66
)
(/opt/local/f8c6f7/apps/texlive/20220321-GCC-11.3.0/texmf-dist/tex/generic/pgf/
basiclayer/pgfcorelayers.code.tex
File: pgfcorelayers.code.tex 2023-01-15 v3.1.10 (3.1.10)
)
(/opt/local/f8c6f7/apps/texlive/20220321-GCC-11.3.0/texmf-dist/tex/generic/pgf/
basiclayer/pgfcoretransparency.code.tex
File: pgfcoretransparency.code.tex 2023-01-15 v3.1.10 (3.1.10)
)
(/opt/local/f8c6f7/apps/texlive/20220321-GCC-11.3.0/texmf-dist/tex/generic/pgf/
basiclayer/pgfcorepatterns.code.tex
File: pgfcorepatterns.code.tex 2023-01-15 v3.1.10 (3.1.10)
)
(/opt/local/f8c6f7/apps/texlive/20220321-GCC-11.3.0/texmf-dist/tex/generic/pgf/
basiclayer/pgfcorerdf.code.tex
File: pgfcorerdf.code.tex 2023-01-15 v3.1.10 (3.1.10)
)))
(/opt/local/f8c6f7/apps/texlive/20220321-GCC-11.3.0/texmf-dist/tex/generic/pgf/
modules/pgfmoduleshapes.code.tex
File: pgfmoduleshapes.code.tex 2023-01-15 v3.1.10 (3.1.10)
\pgfnodeparttextbox=\box67
)
(/opt/local/f8c6f7/apps/texlive/20220321-GCC-11.3.0/texmf-dist/tex/generic/pgf/
modules/pgfmoduleplot.code.tex
File: pgfmoduleplot.code.tex 2023-01-15 v3.1.10 (3.1.10)
)
(/opt/local/f8c6f7/apps/texlive/20220321-GCC-11.3.0/texmf-dist/tex/latex/pgf/co
mpatibility/pgfcomp-version-0-65.sty
Package: pgfcomp-version-0-65 2023-01-15 v3.1.10 (3.1.10)
\pgf@nodesepstart=\dimen288
\pgf@nodesepend=\dimen289
)
(/opt/local/f8c6f7/apps/texlive/20220321-GCC-11.3.0/texmf-dist/tex/latex/pgf/co
mpatibility/pgfcomp-version-1-18.sty
Package: pgfcomp-version-1-18 2023-01-15 v3.1.10 (3.1.10)
))
(/opt/local/f8c6f7/apps/texlive/20220321-GCC-11.3.0/texmf-dist/tex/latex/pgf/ut
ilities/pgffor.sty
(/opt/local/f8c6f7/apps/texlive/20220321-GCC-11.3.0/texmf-dist/tex/latex/pgf/ut
ilities/pgfkeys.sty
(/opt/local/f8c6f7/apps/texlive/20220321-GCC-11.3.0/texmf-dist/tex/generic/pgf/
utilities/pgfkeys.code.tex))
(/opt/local/f8c6f7/apps/texlive/20220321-GCC-11.3.0/texmf-dist/tex/latex/pgf/ma
th/pgfmath.sty
(/opt/local/f8c6f7/apps/texlive/20220321-GCC-11.3.0/texmf-dist/tex/generic/pgf/
math/pgfmath.code.tex))
(/opt/local/f8c6f7/apps/texlive/20220321-GCC-11.3.0/texmf-dist/tex/generic/pgf/
utilities/pgffor.code.tex
Package: pgffor 2023-01-15 v3.1.10 (3.1.10)
\pgffor@iter=\dimen290
\pgffor@skip=\dimen291
\pgffor@stack=\toks49
\pgffor@toks=\toks50
))
(/opt/local/f8c6f7/apps/texlive/20220321-GCC-11.3.0/texmf-dist/tex/generic/pgf/
frontendlayer/tikz/tikz.code.tex
Package: tikz 2023-01-15 v3.1.10 (3.1.10)

(/opt/local/f8c6f7/apps/texlive/20220321-GCC-11.3.0/texmf-dist/tex/generic/pgf/
libraries/pgflibraryplothandlers.code.tex
File: pgflibraryplothandlers.code.tex 2023-01-15 v3.1.10 (3.1.10)
\pgf@plot@mark@count=\count322
\pgfplotmarksize=\dimen292
)
\tikz@lastx=\dimen293
\tikz@lasty=\dimen294
\tikz@lastxsaved=\dimen295
\tikz@lastysaved=\dimen296
\tikz@lastmovetox=\dimen297
\tikz@lastmovetoy=\dimen298
\tikzleveldistance=\dimen299
\tikzsiblingdistance=\dimen300
\tikz@figbox=\box68
\tikz@figbox@bg=\box69
\tikz@tempbox=\box70
\tikz@tempbox@bg=\box71
\tikztreelevel=\count323
\tikznumberofchildren=\count324
\tikznumberofcurrentchild=\count325
\tikz@fig@count=\count326

(/opt/local/f8c6f7/apps/texlive/20220321-GCC-11.3.0/texmf-dist/tex/generic/pgf/
modules/pgfmodulematrix.code.tex
File: pgfmodulematrix.code.tex 2023-01-15 v3.1.10 (3.1.10)
\pgfmatrixcurrentrow=\count327
\pgfmatrixcurrentcolumn=\count328
\pgf@matrix@numberofcolumns=\count329
)
\tikz@expandcount=\count330

(/opt/local/f8c6f7/apps/texlive/20220321-GCC-11.3.0/texmf-dist/tex/generic/pgf/
frontendlayer/tikz/libraries/tikzlibrarytopaths.code.tex
File: tikzlibrarytopaths.code.tex 2023-01-15 v3.1.10 (3.1.10)
)))
Package hyperref Info: Option `pdfdisplaydoctitle' set `true' on input line 16.

\c@theorem=\count331

(/opt/local/f8c6f7/apps/texlive/20220321-GCC-11.3.0/texmf-dist/tex/latex/prepri
nt/balance.sty
Package: balance 1999/02/23 4.3 (PWD)
\oldvsize=\dimen301
) Excluding comment 'screenonly' Include comment 'printonly'
Include comment 'anonsuppress'
(/opt/local/f8c6f7/apps/texlive/20220321-GCC-11.3.0/texmf-dist/tex/latex/l3back
end/l3backend-pdftex.def
File: l3backend-pdftex.def 2023-01-16 L3 backend support: PDF output (pdfTeX)
\l__color_backend_stack_int=\count332
\l__pdf_internal_box=\box72
) (papers/hybrid_dpo_acm.aux)
\openout1 = `hybrid_dpo_acm.aux'.

LaTeX Font Info:    Checking defaults for OML/nxlmi/m/it on input line 16.
LaTeX Font Info:    Trying to load font information for OML+nxlmi on input line
 16.

(/opt/local/f8c6f7/apps/texlive/20220321-GCC-11.3.0/texmf-dist/tex/latex/newtx/
omlnxlmi.fd
File: omlnxlmi.fd 2013/11/19 Fontinst v1.933 font definitions for OML/nxlmi.
)
LaTeX Font Info:    ... okay on input line 16.
LaTeX Font Info:    Checking defaults for OMS/cmsy/m/n on input line 16.
LaTeX Font Info:    ... okay on input line 16.
LaTeX Font Info:    Checking defaults for OT1/cmr/m/n on input line 16.
LaTeX Font Info:    ... okay on input line 16.
LaTeX Font Info:    Checking defaults for T1/cmr/m/n on input line 16.
LaTeX Font Info:    ... okay on input line 16.
LaTeX Font Info:    Checking defaults for TS1/cmr/m/n on input line 16.
LaTeX Font Info:    ... okay on input line 16.
LaTeX Font Info:    Checking defaults for OMX/cmex/m/n on input line 16.
LaTeX Font Info:    ... okay on input line 16.
LaTeX Font Info:    Checking defaults for U/ntxexa/m/n on input line 16.
LaTeX Font Info:    Trying to load font information for U+ntxexa on input line 
16.

(/opt/local/f8c6f7/apps/texlive/20220321-GCC-11.3.0/texmf-dist/tex/latex/newtx/
untxexa.fd
File: untxexa.fd 2012/04/16 Fontinst v1.933 font definitions for U/ntxexa.
)
LaTeX Font Info:    ... okay on input line 16.
LaTeX Font Info:    Checking defaults for PD1/pdf/m/n on input line 16.
LaTeX Font Info:    ... okay on input line 16.
LaTeX Font Info:    Checking defaults for PU/pdf/m/n on input line 16.
LaTeX Font Info:    ... okay on input line 16.
LaTeX Font Info:    Checking defaults for LMS/ntxsy/m/n on input line 16.
LaTeX Font Info:    Trying to load font information for LMS+ntxsy on input line
 16.

(/opt/local/f8c6f7/apps/texlive/20220321-GCC-11.3.0/texmf-dist/tex/latex/newtx/
lmsntxsy.fd
File: lmsntxsy.fd 2016/07/02 Fontinst v1.933 font definitions for LMS/ntxsy.
)
LaTeX Font Info:    ... okay on input line 16.
LaTeX Font Info:    Checking defaults for LMX/ntxexx/m/n on input line 16.
LaTeX Font Info:    Trying to load font information for LMX+ntxexx on input lin
e 16.

(/opt/local/f8c6f7/apps/texlive/20220321-GCC-11.3.0/texmf-dist/tex/latex/newtx/
lmxntxexx.fd
File: lmxntxexx.fd 2016/07/03 Fontinst v1.933 font definitions for LMX/ntxexx.
)
LaTeX Font Info:    ... okay on input line 16.
LaTeX Font Info:    Font shape `T1/LinuxLibertineT-TLF/m/n' will be
(Font)              scaled to size 7.0pt on input line 16.
LaTeX Font Info:    Trying to load font information for OT1+LinuxLibertineT-TLF
 on input line 16.

(/opt/local/f8c6f7/apps/texlive/20220321-GCC-11.3.0/texmf-dist/tex/latex/libert
ine/OT1LinuxLibertineT-TLF.fd
File: OT1LinuxLibertineT-TLF.fd 2017/03/20 (autoinst) Font definitions for OT1/
LinuxLibertineT-TLF.
)
LaTeX Font Info:    Font shape `OT1/LinuxLibertineT-TLF/m/n' will be
(Font)              scaled to size 7.3pt on input line 16.
<<ot1.cmap>>
LaTeX Font Info:    Font shape `OT1/LinuxLibertineT-TLF/m/n' will be
(Font)              scaled to size 5.5pt on input line 16.
<<oml.cmap>>
LaTeX Font Info:    Trying to load font information for U+msa on input line 16.


(/opt/local/f8c6f7/apps/texlive/20220321-GCC-11.3.0/texmf-dist/tex/latex/amsfon
ts/umsa.fd
File: umsa.fd 2013/01/14 v3.01 AMS symbols A
)
LaTeX Font Info:    Trying to load font information for U+msb on input line 16.


(/opt/local/f8c6f7/apps/texlive/20220321-GCC-11.3.0/texmf-dist/tex/latex/amsfon
ts/umsb.fd
File: umsb.fd 2013/01/14 v3.01 AMS symbols B
)
LaTeX Font Info:    Trying to load font information for U+ntxmia on input line 
16.

(/opt/local/f8c6f7/apps/texlive/20220321-GCC-11.3.0/texmf-dist/tex/latex/newtx/
untxmia.fd
File: untxmia.fd 2018/04/14 Fontinst v1.933 font definitions for U/ntxmia.
)
LaTeX Font Info:    Trying to load font information for U+ntxsym on input line 
16.

(/opt/local/f8c6f7/apps/texlive/20220321-GCC-11.3.0/texmf-dist/tex/latex/newtx/
untxsym.fd
File: untxsym.fd 2015/03/20 Fontinst v1.933 font definitions for U/ntxsym.
)
LaTeX Font Info:    Trying to load font information for U+ntxsyc on input line 
16.

(/opt/local/f8c6f7/apps/texlive/20220321-GCC-11.3.0/texmf-dist/tex/latex/newtx/
untxsyc.fd
File: untxsyc.fd 2012/04/12 Fontinst v1.933 font definitions for U/ntxsyc.
)
LaTeX Info: Command `\dddot' is already robust on input line 16.
LaTeX Info: Command `\ddddot' is already robust on input line 16.
LaTeX Info: Redefining \microtypecontext on input line 16.
Package microtype Info: Applying patch `item' on input line 16.
Package microtype Info: Applying patch `toc' on input line 16.
Package microtype Info: Applying patch `eqnum' on input line 16.
Package microtype Info: Applying patch `footnote' on input line 16.
Package microtype Info: Applying patch `verbatim' on input line 16.
Package microtype Info: Generating PDF output.
Package microtype Info: Character protrusion enabled (level 2).
Package microtype Info: Using default protrusion set `alltext'.
Package microtype Info: Automatic font expansion enabled (level 2),
(microtype)             stretch: 20, shrink: 20, step: 1, non-selected.
Package microtype Info: Using default expansion set `alltext-nott'.
LaTeX Info: Redefining \showhyphens on input line 16.
Package microtype Info: No adjustment of tracking.
Package microtype Info: No adjustment of interword spacing.
Package microtype Info: No adjustment of character kerning.
Package microtype Info: Loading generic protrusion settings for font family
(microtype)             `LinuxLibertineT-TLF' (encoding: T1).
(microtype)             For optimal results, create family-specific settings.
(microtype)             See the microtype manual for details.
Package hyperref Info: Link coloring OFF on input line 16.
 (papers/hybrid_dpo_acm.out) (papers/hybrid_dpo_acm.out)
\@outlinefile=\write5
\openout5 = `hybrid_dpo_acm.out'.


(/opt/local/f8c6f7/apps/texlive/20220321-GCC-11.3.0/texmf-dist/tex/context/base
/mkii/supp-pdf.mkii
[Loading MPS to PDF converter (version 2006.09.02).]
\scratchcounter=\count333
\scratchdimen=\dimen302
\scratchbox=\box73
\nofMPsegments=\count334
\nofMParguments=\count335
\everyMPshowfont=\toks51
\MPscratchCnt=\count336
\MPscratchDim=\dimen303
\MPnumerator=\count337
\makeMPintoPDFobject=\count338
\everyMPtoPDFconversion=\toks52
)
(/opt/local/f8c6f7/apps/texlive/20220321-GCC-11.3.0/texmf-dist/tex/latex/epstop
df-pkg/epstopdf-base.sty
Package: epstopdf-base 2020-01-24 v2.11 Base part for package epstopdf
Package epstopdf-base Info: Redefining graphics rule for `.eps' on input line 4
85.

(/opt/local/f8c6f7/apps/texlive/20220321-GCC-11.3.0/texmf-dist/tex/latex/latexc
onfig/epstopdf-sys.cfg
File: epstopdf-sys.cfg 2010/07/13 v1.3 Configuration of (r)epstopdf for TeX Liv
e
))
*geometry* driver: auto-detecting
*geometry* detected driver: pdftex
*geometry* verbose mode - [ preamble ] result:
* driver: pdftex
* paper: custom
* layout: <same size as paper>
* layoutoffset:(h,v)=(0.0pt,0.0pt)
* modes: includehead includefoot twoside heightrounded 
* h-part:(L,W,R)=(54.0pt, 506.295pt, 54.0pt)
* v-part:(T,H,B)=(57.0pt, 664.96999pt, 73.0pt)
* \paperwidth=614.295pt
* \paperheight=794.96999pt
* \textwidth=506.295pt
* \textheight=626.0pt
* \oddsidemargin=-18.26999pt
* \evensidemargin=-18.26999pt
* \topmargin=-15.26999pt
* \headheight=13.0pt
* \headsep=14.0pt
* \topskip=10.0pt
* \footskip=12.0pt
* \marginparwidth=24.0pt
* \marginparsep=11.0pt
* \columnsep=24.0pt
* \skip\footins=7.0pt plus 11.0pt
* \hoffset=0.0pt
* \voffset=0.0pt
* \mag=1000
* \@twocolumnfalse
* \@twosidetrue
* \@mparswitchtrue
* \@reversemarginfalse
* (1in=72.27pt=25.4mm, 1cm=28.453pt)

\c@mv@tabular=\count339
\c@mv@boldtabular=\count340

(/opt/local/f8c6f7/apps/texlive/20220321-GCC-11.3.0/texmf-dist/tex/latex/upquot
e/upquote.sty
Package: upquote 2012/04/19 v1.3 upright-quote and grave-accent glyphs in verba
tim
)
Package caption Info: Begin \AtBeginDocument code.
Package caption Info: float package is loaded.
Package caption Info: End \AtBeginDocument code.
LaTeX Font Info:    Font shape `T1/LinuxLibertineT-TLF/m/n' will be
(Font)              scaled to size 17.28pt on input line 20.
LaTeX Font Info:    Trying to load font information for T1+LinuxBiolinumT-TLF o
n input line 20.

(/opt/local/f8c6f7/apps/texlive/20220321-GCC-11.3.0/texmf-dist/tex/latex/libert
ine/T1LinuxBiolinumT-TLF.fd
File: T1LinuxBiolinumT-TLF.fd 2017/03/20 (autoinst) Font definitions for T1/Lin
uxBiolinumT-TLF.
)
LaTeX Font Info:    Font shape `T1/LinuxBiolinumT-TLF/m/n' will be
(Font)              scaled to size 17.28pt on input line 20.
Package microtype Info: Loading generic protrusion settings for font family
(microtype)             `LinuxBiolinumT-TLF' (encoding: T1).
(microtype)             For optimal results, create family-specific settings.
(microtype)             See the microtype manual for details.
LaTeX Font Info:    Font shape `T1/LinuxBiolinumT-TLF/b/n' will be
(Font)              scaled to size 17.28pt on input line 20.
LaTeX Font Info:    Font shape `T1/LinuxLibertineT-TLF/m/n' will be
(Font)              scaled to size 12.0pt on input line 20.
LaTeX Font Info:    Font shape `T1/LinuxLibertineT-TLF/m/n' will be
(Font)              scaled to size 10.0pt on input line 20.
LaTeX Font Info:    Font shape `OT1/LinuxLibertineT-TLF/m/n' will be
(Font)              scaled to size 10.0pt on input line 20.
Package microtype Info: Loading generic protrusion settings for font family
(microtype)             `LinuxLibertineT-TLF' (encoding: OT1).
(microtype)             For optimal results, create family-specific settings.
(microtype)             See the microtype manual for details.

(/opt/local/f8c6f7/apps/texlive/20220321-GCC-11.3.0/texmf-dist/tex/latex/microt
ype/mt-msa.cfg
File: mt-msa.cfg 2006/02/04 v1.1 microtype config. file: AMS symbols (a) (RS)
)
(/opt/local/f8c6f7/apps/texlive/20220321-GCC-11.3.0/texmf-dist/tex/latex/microt
ype/mt-msb.cfg
File: mt-msb.cfg 2005/06/01 v1.0 microtype config. file: AMS symbols (b) (RS)
)
LaTeX Font Info:    Font shape `T1/LinuxLibertineT-TLF/m/it' will be
(Font)              scaled to size 7.0pt on input line 20.
LaTeX Font Info:    Trying to load font information for TS1+LinuxLibertineT-TLF
 on input line 20.

(/opt/local/f8c6f7/apps/texlive/20220321-GCC-11.3.0/texmf-dist/tex/latex/libert
ine/TS1LinuxLibertineT-TLF.fd
File: TS1LinuxLibertineT-TLF.fd 2017/03/20 (autoinst) Font definitions for TS1/
LinuxLibertineT-TLF.
)
LaTeX Font Info:    Font shape `TS1/LinuxLibertineT-TLF/m/n' will be
(Font)              scaled to size 7.0pt on input line 20.
Package microtype Info: Loading generic protrusion settings for font family
(microtype)             `LinuxLibertineT-TLF' (encoding: TS1).
(microtype)             For optimal results, create family-specific settings.
(microtype)             See the microtype manual for details.
LaTeX Font Info:    Font shape `T1/LinuxLibertineT-TLF/b/n' will be
(Font)              scaled to size 9.0pt on input line 20.
LaTeX Font Info:    Font shape `T1/LinuxLibertineT-TLF/b/n' will be
(Font)              scaled to size 10.95pt on input line 20.
LaTeX Font Info:    Font shape `T1/LinuxLibertineT-TLF/m/n' will be
(Font)              scaled to size 8.0pt on input line 20.
LaTeX Font Info:    Font shape `T1/LinuxLibertineT-TLF/b/n' will be
(Font)              scaled to size 8.0pt on input line 20.
LaTeX Font Info:    Font shape `T1/LinuxLibertineT-TLF/m/it' will be
(Font)              scaled to size 8.0pt on input line 20.


LaTeX Warning: Reference `TotPages' on page 1 undefined on input line 20.

LaTeX Font Info:    Font shape `OT1/LinuxLibertineT-TLF/m/n' will be
(Font)              scaled to size 8.0pt on input line 20.
LaTeX Font Info:    Font shape `OT1/LinuxLibertineT-TLF/m/n' will be
(Font)              scaled to size 6.2pt on input line 20.
LaTeX Font Info:    Font shape `OT1/LinuxLibertineT-TLF/m/n' will be
(Font)              scaled to size 9.0pt on input line 28.

Overfull \hbox (4.57947pt too wide) in paragraph at lines 29--30
[]\T1/LinuxLibertineT-TLF/m/n/9 (-20) A `Du-al-Rea-soner' in-fer-ence stack and
 a `Weighted-DPO-Trainer'
 []


Overfull \hbox (8.75784pt too wide) in paragraph at lines 30--31
[]\T1/LinuxLibertineT-TLF/m/n/9 (-20) A re-pro-ducible eval-u-a-tion pipeline, 
em-pir-i-cal re-sults on GSM8K,
 []


Package natbib Warning: Citation `vaswani2017attention' on page 1 undefined on 
input line 37.


Package natbib Warning: Citation `hu2021lora' on page 1 undefined on input line
 42.


Package natbib Warning: Citation `rafailov2023direct' on page 1 undefined on in
put line 48.

[1.1{/opt/local/f8c6f7/apps/texlive/20220321-GCC-11.3.0/texmf-var/fonts/map/pdf
tex/updmap/pdftex.map}

]
LaTeX Font Info:    Trying to load font information for T1+zi4 on input line 58
.

(/opt/local/f8c6f7/apps/texlive/20220321-GCC-11.3.0/texmf-dist/tex/latex/incons
olata/t1zi4.fd
File: t1zi4.fd 2018/01/14 T1/zi4 (Inconsolata)
)
LaTeX Font Info:    Font shape `T1/zi4/m/n' will be
(Font)              scaled to size 9.0pt on input line 58.
Package microtype Info: Loading generic protrusion settings for font family
(microtype)             `zi4' (encoding: T1).
(microtype)             For optimal results, create family-specific settings.
(microtype)             See the microtype manual for details.

Overfull \hbox (13.91086pt too wide) in paragraph at lines 58--59
\T1/LinuxLibertineT-TLF/m/n/9 (-20) teacher model via the repos-i-tory script \
T1/zi4/m/n/9 scripts/bootstrap_pairs.py\T1/LinuxLibertineT-TLF/m/n/9 (-20) .
 []


Overfull \hbox (8.2088pt too wide) in paragraph at lines 73--74
[]\T1/LinuxLibertineT-TLF/m/n/9 (-20) `DPO Trainer' uses pref-er-ences de-rived
 from for-ward/backward
 []


Overfull \hbox (41.87344pt too wide) in paragraph at lines 84--85
\T1/LinuxLibertineT-TLF/m/n/9 (-20) in-clude these scripts in the repos-i-tory 
un-der \T1/zi4/m/n/9 src/reasoning_lab/inference/\T1/LinuxLibertineT-TLF/m/n/9 
(-20) . 
 []

LaTeX Font Info:    Font shape `T1/LinuxBiolinumT-TLF/m/n' will be
(Font)              scaled to size 9.0pt on input line 104.
LaTeX Font Info:    Font shape `T1/LinuxBiolinumT-TLF/m/n' will be
(Font)              scaled to size 7.0pt on input line 104.
[2.2]
Overfull \hbox (137.44337pt too wide) in paragraph at lines 123--124
[]\T1/LinuxLibertineT-TLF/m/n/9 (-20) Full per-example CSVs and rep-re-sen-ta-t
ive traces are in \T1/zi4/m/n/9 outputs/evals/gsm8k_samples_compare.csv
 []


Overfull \hbox (4.28827pt too wide) in paragraph at lines 132--133
\T1/LinuxLibertineT-TLF/m/n/9 (-20) with longer con-texts may re-quire adapted 
ver-i-fi-ca-tion prompts
 []


Overfull \hbox (1.8433pt too wide) in paragraph at lines 147--147
[]\T1/zi4/m/n/9 python scripts/bootstrap_pairs.py --out data/processed/[] 
 []


Overfull \hbox (24.3433pt too wide) in paragraph at lines 147--147
[]\T1/zi4/m/n/9 python scripts/train_dpo.py --config configs/dpo_hybrid.yaml[] 

 []


Overfull \hbox (46.8433pt too wide) in paragraph at lines 147--147
[]\T1/zi4/m/n/9 python scripts/eval_reasoning.py --config configs/eval_gsm8k.ya
ml[] 
 []


Overfull \hbox (81.34024pt too wide) in paragraph at lines 147--147
[]\T1/zi4/m/n/9 python scripts/compare_traces.py --config-a configs/eval_baseli
ne.yaml \\[] 
 []


Overfull \hbox (8.35326pt too wide) in paragraph at lines 151--152
[]\T1/LinuxLibertineT-TLF/m/n/9 (-20) LoRA hy-per-pa-ram-e-ters: see \T1/zi4/m/
n/9 configs/dpo_hybrid.yaml \T1/LinuxLibertineT-TLF/m/n/9 (-20) (rank,
 []

No file hybrid_dpo_acm.bbl.

Package natbib Warning: There were undefined citations.


Package balance Warning: You have called \balance in second column
(balance)                Columns might not be balanced.

[3.3]
(/opt/local/f8c6f7/apps/texlive/20220321-GCC-11.3.0/texmf-dist/tex/generic/stri
ngenc/se-pdfdoc.def
File: se-pdfdoc.def 2019/11/29 v1.12 stringenc: PDFDocEncoding
)
(/opt/local/f8c6f7/apps/texlive/20220321-GCC-11.3.0/texmf-dist/tex/generic/stri
ngenc/se-utf8.def
File: se-utf8.def 2019/11/29 v1.12 stringenc: UTF-8
)
LaTeX Font Info:    Font shape `T1/LinuxLibertineT-TLF/m/n' will be
(Font)              scaled to size 7.3pt on input line 158.
 [4.3] (papers/hybrid_dpo_acm.aux)

LaTeX Warning: There were undefined references.


LaTeX Warning: Label(s) may have changed. Rerun to get cross-references right.


LaTeX Warning: Temporary extra page added at the end. Rerun to get it removed.


Package rerunfilecheck Warning: File `hybrid_dpo_acm.out' has changed.
(rerunfilecheck)                Rerun to get outlines right
(rerunfilecheck)                or use package `bookmark'.

Package rerunfilecheck Info: Checksums for `hybrid_dpo_acm.out':
(rerunfilecheck)             Before: AFB6F9A7C9E9D5C5E7DF09F79DFF030C;3126
(rerunfilecheck)             After:  60BC43F428EA42394B919048789CCB5F;4324.
 ) 
Here is how much of TeX's memory you used:
 32640 strings out of 476024
 612335 string characters out of 5776551
 1882388 words of memory out of 5000000
 51982 multiletter control sequences out of 15000+600000
 655440 words of font info for 309 fonts, out of 8000000 for 9000
 1302 hyphenation exceptions out of 8191
 85i,12n,131p,1018b,589s stack positions out of 10000i,1000n,20000p,200000b,200000s
{/opt/local/f8c6f7/apps/texlive/20220321-GCC-11.3.0/texmf-dist/fonts/enc/dvip
s/inconsolata/i4-t1-4.enc}{/opt/local/f8c6f7/apps/texlive/20220321-GCC-11.3.0/t
exmf-dist/fonts/enc/dvips/libertine/lbtn_25tcsq.enc}{/opt/local/f8c6f7/apps/tex
live/20220321-GCC-11.3.0/texmf-dist/fonts/enc/dvips/libertine/lbtn_oexx6f.enc}{
/opt/local/f8c6f7/apps/texlive/20220321-GCC-11.3.0/texmf-dist/fonts/enc/dvips/l
ibertine/lbtn_naooyc.enc}{/opt/local/f8c6f7/apps/texlive/20220321-GCC-11.3.0/te
xmf-dist/fonts/enc/dvips/libertine/lbtn_7grukw.enc}{/opt/local/f8c6f7/apps/texl
ive/20220321-GCC-11.3.0/texmf-dist/fonts/enc/dvips/libertine/lbtn_nh77jq.enc}{/
opt/local/f8c6f7/apps/texlive/20220321-GCC-11.3.0/texmf-dist/fonts/enc/dvips/li
bertine/lbtn_76gpa5.enc}</opt/local/f8c6f7/apps/texlive/20220321-GCC-11.3.0/tex
mf-dist/fonts/type1/public/inconsolata/Inconsolata-zi4r.pfb></opt/local/f8c6f7/
apps/texlive/20220321-GCC-11.3.0/texmf-dist/fonts/type1/public/newtx/LibertineM
athMI.pfb></opt/local/f8c6f7/apps/texlive/20220321-GCC-11.3.0/texmf-dist/fonts/
type1/public/newtx/LibertineMathMI7.pfb></opt/local/f8c6f7/apps/texlive/2022032
1-GCC-11.3.0/texmf-dist/fonts/type1/public/newtx/LibertineMathRM.pfb></opt/loca
l/f8c6f7/apps/texlive/20220321-GCC-11.3.0/texmf-dist/fonts/type1/public/liberti
ne/LinBiolinumT.pfb></opt/local/f8c6f7/apps/texlive/20220321-GCC-11.3.0/texmf-d
ist/fonts/type1/public/libertine/LinBiolinumTB.pfb></opt/local/f8c6f7/apps/texl
ive/20220321-GCC-11.3.0/texmf-dist/fonts/type1/public/libertine/LinLibertineT.p
fb></opt/local/f8c6f7/apps/texlive/20220321-GCC-11.3.0/texmf-dist/fonts/type1/p
ublic/libertine/LinLibertineTB.pfb></opt/local/f8c6f7/apps/texlive/20220321-GCC
-11.3.0/texmf-dist/fonts/type1/public/libertine/LinLibertineTI.pfb></opt/local/
f8c6f7/apps/texlive/20220321-GCC-11.3.0/texmf-dist/fonts/type1/public/newtx/New
TXMI.pfb></opt/local/f8c6f7/apps/texlive/20220321-GCC-11.3.0/texmf-dist/fonts/t
ype1/public/newtx/txexs.pfb></opt/local/f8c6f7/apps/texlive/20220321-GCC-11.3.0
/texmf-dist/fonts/type1/public/newtx/txmiaX.pfb></opt/local/f8c6f7/apps/texlive
/20220321-GCC-11.3.0/texmf-dist/fonts/type1/public/txfonts/txsyb.pfb></opt/loca
l/f8c6f7/apps/texlive/20220321-GCC-11.3.0/texmf-dist/fonts/type1/public/newtx/t
xsys.pfb>
Output written on papers/hybrid_dpo_acm.pdf (4 pages, 449319 bytes).
PDF statistics:
 197 PDF objects out of 1000 (max. 8388607)
 156 compressed objects within 2 object streams
 30 named destinations out of 1000 (max. 500000)
 80541 words of extra memory for PDF output out of 89155 (max. 10000000)

